ubuntu   pts/0        Tue Dec 26 14:27:18 2017   still logged in
ubuntu   pts/0        Tue Dec 26 14:26:52 2017 - Tue Dec 26 14:27:04 2017  (00:00)
ubuntu   pts/5        Fri Dec 22 19:29:52 2017 - Fri Dec 22 19:29:53 2017  (00:00)
ubuntu   pts/7        Fri Dec 22 19:29:43 2017 - Fri Dec 22 19:29:44 2017  (00:00)
ubuntu   pts/5        Fri Dec 22 19:23:36 2017 - Fri Dec 22 19:23:36 2017  (00:00)
ubuntu   pts/7        Fri Dec 22 19:23:24 2017 - Fri Dec 22 19:23:24 2017  (00:00)
ubuntu   pts/0        Fri Dec 22 19:22:49 2017 - Fri Dec 22 19:44:25 2017  (00:21)
ubuntu   pts/0        Fri Dec 22 19:22:01 2017 - Fri Dec 22 19:22:36 2017  (00:00)
app      pts/0        Thu Dec 21 20:30:41 2017 - Thu Dec 21 20:40:04 2017  (00:09)
ubuntu   pts/0        Thu Dec 21 18:24:45 2017 - Thu Dec 21 18:51:48 2017  (00:27)
ubuntu   pts/0        Thu Dec 21 17:56:31 2017 - Thu Dec 21 18:16:32 2017  (00:20)
ubuntu   pts/2        Thu Dec 21 15:19:07 2017 - Thu Dec 21 16:04:34 2017  (00:45)
ubuntu   pts/3        Thu Dec 21 15:12:33 2017 - Thu Dec 21 15:12:33 2017  (00:00)
ubuntu   pts/3        Thu Dec 21 15:12:08 2017 - Thu Dec 21 15:12:08 2017  (00:00)
ubuntu   pts/7        Thu Dec 21 15:11:52 2017 - Thu Dec 21 15:11:52 2017  (00:00)
ubuntu   pts/0        Thu Dec 21 15:08:00 2017 - Thu Dec 21 15:28:48 2017  (00:20)
ubuntu   pts/0        Thu Dec 21 15:02:47 2017 - Thu Dec 21 15:02:55 2017  (00:00)
ubuntu   pts/4        Thu Dec 21 01:51:47 2017 - Thu Dec 21 04:03:33 2017  (02:11)
ubuntu   pts/4        Thu Dec 21 01:13:47 2017 - Thu Dec 21 01:50:14 2017  (00:36)
ubuntu   pts/3        Thu Dec 21 00:37:42 2017 - Thu Dec 21 03:03:28 2017  (02:25)
ubuntu   pts/2        Thu Dec 21 00:29:58 2017 - Thu Dec 21 02:57:01 2017  (02:27)
ubuntu   pts/0        Thu Dec 21 00:09:27 2017 - Thu Dec 21 02:57:05 2017  (02:47)
app      pts/0        Tue Dec 19 13:38:48 2017 - Tue Dec 19 13:42:28 2017  (00:03)
ubuntu   pts/0        Mon Dec 18 20:50:46 2017 - Mon Dec 18 21:00:57 2017  (00:10)
app      pts/0        Mon Dec 18 19:37:09 2017 - Mon Dec 18 19:58:58 2017  (00:21)
ubuntu   pts/0        Mon Dec 18 14:07:09 2017 - Mon Dec 18 14:08:03 2017  (00:00)
ubuntu   pts/0        Mon Dec 18 14:05:59 2017 - Mon Dec 18 14:06:01 2017  (00:00)
ubuntu   pts/0        Mon Dec 18 14:04:58 2017 - Mon Dec 18 14:05:04 2017  (00:00)
ubuntu   pts/2        Fri Dec 15 20:55:31 2017 - Fri Dec 15 21:07:52 2017  (00:12)
ubuntu   pts/2        Fri Dec 15 20:27:23 2017 - Fri Dec 15 20:37:04 2017  (00:09)
ubuntu   pts/3        Fri Dec 15 20:15:59 2017 - Fri Dec 15 20:15:59 2017  (00:00)
ubuntu   pts/6        Fri Dec 15 20:15:59 2017 - Fri Dec 15 20:15:59 2017  (00:00)
ubuntu   pts/5        Fri Dec 15 20:15:59 2017 - Fri Dec 15 20:15:59 2017  (00:00)
ubuntu   pts/3        Fri Dec 15 20:15:59 2017 - Fri Dec 15 20:15:59 2017  (00:00)
ubuntu   pts/11       Fri Dec 15 20:15:58 2017 - Fri Dec 15 20:15:58 2017  (00:00)
ubuntu   pts/10       Fri Dec 15 20:15:58 2017 - Fri Dec 15 20:15:58 2017  (00:00)
ubuntu   pts/9        Fri Dec 15 20:15:58 2017 - Fri Dec 15 20:15:58 2017  (00:00)
ubuntu   pts/8        Fri Dec 15 20:15:58 2017 - Fri Dec 15 20:15:58 2017  (00:00)
ubuntu   pts/7        Fri Dec 15 20:15:57 2017 - Fri Dec 15 20:15:58 2017  (00:00)
ubuntu   pts/3        Fri Dec 15 20:15:31 2017 - Fri Dec 15 20:15:31 2017  (00:00)
ubuntu   pts/5        Fri Dec 15 20:15:24 2017 - Fri Dec 15 20:15:24 2017  (00:00)
ubuntu   pts/4        Fri Dec 15 20:08:53 2017 - Fri Dec 15 20:08:53 2017  (00:00)
ubuntu   pts/7        Fri Dec 15 20:08:42 2017 - Fri Dec 15 20:08:42 2017  (00:00)
ubuntu   pts/0        Fri Dec 15 19:31:41 2017 - Fri Dec 15 22:34:27 2017  (03:02)
ubuntu   pts/0        Thu Dec 14 21:39:24 2017 - Thu Dec 14 21:52:06 2017  (00:12)
ubuntu   pts/0        Thu Dec 14 20:19:58 2017 - Thu Dec 14 20:20:08 2017  (00:00)
ubuntu   pts/0        Thu Dec 14 15:20:30 2017 - Thu Dec 14 15:24:07 2017  (00:03)
ubuntu   pts/7        Thu Dec 14 15:07:06 2017 - Thu Dec 14 15:07:06 2017  (00:00)
ubuntu   pts/8        Thu Dec 14 15:06:52 2017 - Thu Dec 14 15:06:53 2017  (00:00)
ubuntu   pts/4        Thu Dec 14 15:05:36 2017 - Thu Dec 14 15:05:36 2017  (00:00)
ubuntu   pts/8        Thu Dec 14 14:58:26 2017 - Thu Dec 14 14:58:26 2017  (00:00)
ubuntu   pts/7        Thu Dec 14 14:58:26 2017 - Thu Dec 14 14:58:26 2017  (00:00)
ubuntu   pts/6        Thu Dec 14 14:58:26 2017 - Thu Dec 14 14:58:26 2017  (00:00)
ubuntu   pts/6        Thu Dec 14 14:56:26 2017 - Thu Dec 14 14:56:26 2017  (00:00)
ubuntu   pts/8        Thu Dec 14 14:56:13 2017 - Thu Dec 14 14:56:13 2017  (00:00)
ubuntu   pts/0        Thu Dec 14 14:55:43 2017 - Thu Dec 14 15:19:31 2017  (00:23)
ubuntu   pts/4        Wed Dec 13 16:44:55 2017 - Wed Dec 13 16:44:56 2017  (00:00)
ubuntu   pts/8        Wed Dec 13 16:44:51 2017 - Wed Dec 13 16:44:52 2017  (00:00)
ubuntu   pts/4        Wed Dec 13 16:44:40 2017 - Wed Dec 13 16:44:40 2017  (00:00)
ubuntu   pts/4        Wed Dec 13 16:44:32 2017 - Wed Dec 13 16:44:32 2017  (00:00)
ubuntu   pts/0        Wed Dec 13 16:43:00 2017 - Wed Dec 13 18:57:14 2017  (02:14)
ubuntu   pts/4        Tue Dec 12 22:26:14 2017 - Tue Dec 12 22:27:45 2017  (00:01)
ubuntu   pts/6        Tue Dec 12 21:39:48 2017 - Tue Dec 12 21:39:48 2017  (00:00)
ubuntu   pts/10       Tue Dec 12 21:39:41 2017 - Tue Dec 12 21:39:41 2017  (00:00)
ubuntu   pts/2        Tue Dec 12 21:30:23 2017 - Tue Dec 12 23:53:56 2017  (02:23)
ubuntu   pts/0        Tue Dec 12 21:18:17 2017 - Tue Dec 12 23:47:02 2017  (02:28)
ubuntu   pts/6        Tue Dec 12 19:07:14 2017 - Tue Dec 12 19:15:12 2017  (00:07)
ubuntu   pts/5        Tue Dec 12 18:59:04 2017 - Tue Dec 12 19:19:00 2017  (00:19)
ubuntu   pts/4        Tue Dec 12 18:48:15 2017 - Tue Dec 12 21:41:25 2017  (02:53)
ubuntu   pts/6        Tue Dec 12 18:30:33 2017 - Tue Dec 12 18:30:33 2017  (00:00)
ubuntu   pts/9        Tue Dec 12 18:30:25 2017 - Tue Dec 12 18:30:25 2017  (00:00)
ubuntu   pts/2        Tue Dec 12 18:24:52 2017 - Tue Dec 12 21:17:56 2017  (02:53)
ubuntu   pts/6        Tue Dec 12 15:26:24 2017 - Tue Dec 12 15:26:24 2017  (00:00)
ubuntu   pts/9        Tue Dec 12 15:26:17 2017 - Tue Dec 12 15:26:17 2017  (00:00)
ubuntu   pts/3        Tue Dec 12 15:25:51 2017 - Fri Dec 15 13:57:09 2017 (2+22:31)
ubuntu   pts/2        Tue Dec 12 15:15:13 2017 - Tue Dec 12 17:00:07 2017  (01:44)
app      pts/2        Tue Dec 12 15:14:56 2017 - Tue Dec 12 15:15:09 2017  (00:00)
ubuntu   pts/0        Tue Dec 12 15:06:00 2017 - Tue Dec 12 19:11:30 2017  (04:05)
app      pts/0        Tue Dec 12 15:05:51 2017 - Tue Dec 12 15:05:54 2017  (00:00)
app      pts/3        Mon Dec 11 20:05:32 2017 - Mon Dec 11 20:05:40 2017  (00:00)
app      pts/2        Mon Dec 11 20:01:53 2017 - Mon Dec 11 21:03:14 2017  (01:01)
app      pts/2        Mon Dec 11 19:49:37 2017 - Mon Dec 11 20:01:40 2017  (00:12)
app      pts/2        Mon Dec 11 19:42:57 2017 - Mon Dec 11 19:44:43 2017  (00:01)
app      pts/0        Mon Dec 11 19:31:41 2017 - Mon Dec 11 21:43:25 2017  (02:11)
ubuntu   pts/3        Mon Dec 11 18:47:00 2017 - Mon Dec 11 19:05:28 2017  (00:18)
ubuntu   pts/4        Mon Dec 11 18:28:43 2017 - Mon Dec 11 18:28:43 2017  (00:00)
ubuntu   pts/8        Mon Dec 11 18:28:36 2017 - Mon Dec 11 18:28:37 2017  (00:00)
app      pts/2        Mon Dec 11 17:55:00 2017 - Mon Dec 11 19:23:09 2017  (01:28)
ubuntu   pts/3        Mon Dec 11 17:45:59 2017 - Mon Dec 11 17:45:59 2017  (00:00)
ubuntu   pts/7        Mon Dec 11 17:45:52 2017 - Mon Dec 11 17:45:52 2017  (00:00)
app      pts/2        Mon Dec 11 17:35:06 2017 - Mon Dec 11 17:40:49 2017  (00:05)
ubuntu   pts/4        Mon Dec 11 17:32:47 2017 - Mon Dec 11 17:32:47 2017  (00:00)
app      pts/3        Mon Dec 11 17:31:11 2017 - Mon Dec 11 17:34:08 2017  (00:02)
ubuntu   pts/3        Mon Dec 11 17:30:47 2017 - Mon Dec 11 17:30:47 2017  (00:00)
ubuntu   pts/7        Mon Dec 11 17:30:41 2017 - Mon Dec 11 17:30:42 2017  (00:00)
ubuntu   pts/3        Mon Dec 11 16:57:16 2017 - Mon Dec 11 16:57:16 2017  (00:00)
ubuntu   pts/2        Mon Dec 11 16:57:07 2017 - Mon Dec 11 16:57:08 2017  (00:00)
ubuntu   pts/0        Mon Dec 11 16:56:16 2017 - Mon Dec 11 19:05:21 2017  (02:09)
ubuntu   pts/3        Mon Dec 11 15:57:43 2017 - Mon Dec 11 16:08:21 2017  (00:10)
ubuntu   pts/3        Mon Dec 11 15:52:44 2017 - Mon Dec 11 15:52:44 2017  (00:00)
ubuntu   pts/4        Mon Dec 11 15:50:15 2017 - Mon Dec 11 15:50:15 2017  (00:00)
ubuntu   pts/7        Mon Dec 11 15:50:10 2017 - Mon Dec 11 15:50:10 2017  (00:00)
ubuntu   pts/4        Mon Dec 11 15:49:12 2017 - Mon Dec 11 15:49:12 2017  (00:00)
ubuntu   pts/7        Mon Dec 11 15:49:02 2017 - Mon Dec 11 15:49:03 2017  (00:00)
ubuntu   pts/0        Mon Dec 11 15:48:44 2017 - Mon Dec 11 16:08:31 2017  (00:19)
ubuntu   pts/0        Mon Dec 11 15:48:13 2017 - Mon Dec 11 15:48:34 2017  (00:00)
app      pts/0        Mon Dec 11 15:47:00 2017 - Mon Dec 11 15:48:09 2017  (00:01)
ubuntu   pts/3        Fri Dec  8 22:53:53 2017 - Sat Dec  9 01:34:58 2017  (02:41)
ubuntu   pts/4        Fri Dec  8 22:11:43 2017 - Fri Dec  8 22:11:43 2017  (00:00)
ubuntu   pts/8        Fri Dec  8 22:11:36 2017 - Fri Dec  8 22:11:36 2017  (00:00)
ubuntu   pts/4        Fri Dec  8 21:51:22 2017 - Fri Dec  8 21:51:22 2017  (00:00)
ubuntu   pts/4        Fri Dec  8 21:49:28 2017 - Fri Dec  8 21:49:28 2017  (00:00)
ubuntu   pts/8        Fri Dec  8 21:49:22 2017 - Fri Dec  8 21:49:22 2017  (00:00)
ubuntu   pts/4        Fri Dec  8 21:48:13 2017 - Fri Dec  8 21:48:13 2017  (00:00)
ubuntu   pts/6        Fri Dec  8 21:48:06 2017 - Fri Dec  8 21:48:06 2017  (00:00)
app      pts/3        Fri Dec  8 21:25:11 2017 - Fri Dec  8 21:43:16 2017  (00:18)
app      pts/3        Fri Dec  8 21:23:50 2017 - Fri Dec  8 21:25:03 2017  (00:01)
app      pts/3        Fri Dec  8 21:23:06 2017 - Fri Dec  8 21:23:37 2017  (00:00)
ubuntu   pts/2        Fri Dec  8 21:14:40 2017 - Sat Dec  9 00:28:44 2017  (03:14)
ubuntu   pts/4        Fri Dec  8 20:49:03 2017 - Fri Dec  8 20:49:04 2017  (00:00)
ubuntu   pts/8        Fri Dec  8 20:48:56 2017 - Fri Dec  8 20:48:57 2017  (00:00)
ubuntu   pts/4        Fri Dec  8 20:33:23 2017 - Fri Dec  8 20:33:23 2017  (00:00)
ubuntu   pts/4        Fri Dec  8 20:31:14 2017 - Fri Dec  8 20:31:14 2017  (00:00)
ubuntu   pts/8        Fri Dec  8 20:31:08 2017 - Fri Dec  8 20:31:08 2017  (00:00)
ubuntu   pts/4        Fri Dec  8 20:29:35 2017 - Fri Dec  8 20:29:35 2017  (00:00)
ubuntu   pts/8        Fri Dec  8 20:29:26 2017 - Fri Dec  8 20:29:26 2017  (00:00)
ubuntu   pts/2        Fri Dec  8 20:28:52 2017 - Fri Dec  8 21:14:38 2017  (00:45)
ubuntu   pts/2        Fri Dec  8 20:01:49 2017 - Fri Dec  8 20:28:39 2017  (00:26)
ubuntu   pts/4        Fri Dec  8 18:53:43 2017 - Fri Dec  8 20:28:41 2017  (01:34)
ubuntu   pts/6        Fri Dec  8 18:17:35 2017 - Fri Dec  8 18:17:35 2017  (00:00)
ubuntu   pts/6        Fri Dec  8 18:17:15 2017 - Fri Dec  8 18:17:16 2017  (00:00)
ubuntu   pts/10       Fri Dec  8 18:17:09 2017 - Fri Dec  8 18:17:09 2017  (00:00)
ubuntu   pts/3        Fri Dec  8 17:51:28 2017 - Fri Dec  8 20:14:40 2017  (02:23)
app      pts/3        Fri Dec  8 17:50:07 2017 - Fri Dec  8 17:51:23 2017  (00:01)
ubuntu   pts/7        Fri Dec  8 17:26:32 2017 - Fri Dec  8 17:26:32 2017  (00:00)
ubuntu   pts/11       Fri Dec  8 17:26:25 2017 - Fri Dec  8 17:26:26 2017  (00:00)
app      pts/5        Fri Dec  8 17:23:23 2017 - Fri Dec  8 17:37:31 2017  (00:14)
ubuntu   pts/6        Fri Dec  8 17:15:01 2017 - Fri Dec  8 17:15:01 2017  (00:00)
ubuntu   pts/6        Fri Dec  8 17:14:48 2017 - Fri Dec  8 17:14:48 2017  (00:00)
ubuntu   pts/9        Fri Dec  8 17:14:44 2017 - Fri Dec  8 17:14:45 2017  (00:00)
ubuntu   pts/6        Fri Dec  8 17:14:37 2017 - Fri Dec  8 17:14:37 2017  (00:00)
ubuntu   pts/10       Fri Dec  8 17:14:29 2017 - Fri Dec  8 17:14:30 2017  (00:00)
ubuntu   pts/6        Fri Dec  8 16:50:57 2017 - Fri Dec  8 16:50:57 2017  (00:00)
ubuntu   pts/7        Fri Dec  8 16:50:43 2017 - Fri Dec  8 16:50:43 2017  (00:00)
ubuntu   pts/10       Fri Dec  8 16:50:40 2017 - Fri Dec  8 16:50:40 2017  (00:00)
ubuntu   pts/6        Fri Dec  8 16:50:20 2017 - Fri Dec  8 16:50:21 2017  (00:00)
ubuntu   pts/10       Fri Dec  8 16:50:13 2017 - Fri Dec  8 16:50:13 2017  (00:00)
ubuntu   pts/6        Fri Dec  8 16:45:53 2017 - Fri Dec  8 16:45:54 2017  (00:00)
ubuntu   pts/10       Fri Dec  8 16:45:46 2017 - Fri Dec  8 16:45:46 2017  (00:00)
ubuntu   pts/2        Fri Dec  8 16:45:31 2017 - Fri Dec  8 19:43:15 2017  (02:57)
ubuntu   pts/7        Fri Dec  8 16:44:28 2017 - Fri Dec  8 16:44:29 2017  (00:00)
ubuntu   pts/10       Fri Dec  8 16:44:20 2017 - Fri Dec  8 16:44:21 2017  (00:00)
ubuntu   pts/6        Fri Dec  8 16:33:39 2017 - Fri Dec  8 16:33:39 2017  (00:00)
ubuntu   pts/6        Fri Dec  8 16:31:37 2017 - Fri Dec  8 16:31:37 2017  (00:00)
ubuntu   pts/10       Fri Dec  8 16:31:31 2017 - Fri Dec  8 16:31:31 2017  (00:00)
ubuntu   pts/6        Fri Dec  8 16:30:27 2017 - Fri Dec  8 16:30:27 2017  (00:00)
ubuntu   pts/10       Fri Dec  8 16:30:19 2017 - Fri Dec  8 16:30:20 2017  (00:00)
ubuntu   pts/2        Fri Dec  8 16:25:20 2017 - Fri Dec  8 16:45:23 2017  (00:20)
app      pts/6        Fri Dec  8 16:24:09 2017 - Fri Dec  8 16:25:16 2017  (00:01)
ubuntu   pts/6        Fri Dec  8 16:23:48 2017 - Fri Dec  8 16:23:48 2017  (00:00)
ubuntu   pts/10       Fri Dec  8 16:23:40 2017 - Fri Dec  8 16:23:41 2017  (00:00)
ubuntu   pts/6        Fri Dec  8 16:09:39 2017 - Fri Dec  8 16:09:39 2017  (00:00)
ubuntu   pts/6        Fri Dec  8 16:09:02 2017 - Fri Dec  8 16:09:02 2017  (00:00)
ubuntu   pts/6        Fri Dec  8 16:08:42 2017 - Fri Dec  8 16:08:42 2017  (00:00)
ubuntu   pts/10       Fri Dec  8 16:08:34 2017 - Fri Dec  8 16:08:35 2017  (00:00)
ubuntu   pts/6        Fri Dec  8 15:57:30 2017 - Fri Dec  8 15:57:30 2017  (00:00)
ubuntu   pts/10       Fri Dec  8 15:57:22 2017 - Fri Dec  8 15:57:23 2017  (00:00)
ubuntu   pts/4        Fri Dec  8 15:57:11 2017 - Fri Dec  8 18:33:37 2017  (02:36)
ubuntu   pts/6        Fri Dec  8 15:33:47 2017 - Fri Dec  8 15:33:47 2017  (00:00)
ubuntu   pts/9        Fri Dec  8 15:32:36 2017 - Fri Dec  8 15:32:36 2017  (00:00)
ubuntu   pts/9        Fri Dec  8 15:32:32 2017 - Fri Dec  8 15:32:32 2017  (00:00)
ubuntu   pts/6        Fri Dec  8 15:31:48 2017 - Fri Dec  8 15:31:48 2017  (00:00)
ubuntu   pts/10       Fri Dec  8 15:31:41 2017 - Fri Dec  8 15:31:42 2017  (00:00)
ubuntu   pts/4        Fri Dec  8 15:29:19 2017 - Fri Dec  8 15:56:39 2017  (00:27)
ubuntu   pts/5        Fri Dec  8 15:26:59 2017 - Fri Dec  8 15:26:59 2017  (00:00)
ubuntu   pts/9        Fri Dec  8 15:26:53 2017 - Fri Dec  8 15:26:53 2017  (00:00)
ubuntu   pts/4        Fri Dec  8 15:19:40 2017 - Fri Dec  8 15:23:50 2017  (00:04)
ubuntu   pts/5        Fri Dec  8 15:19:12 2017 - Fri Dec  8 15:19:13 2017  (00:00)
ubuntu   pts/9        Fri Dec  8 15:19:06 2017 - Fri Dec  8 15:19:07 2017  (00:00)
ubuntu   pts/5        Fri Dec  8 15:14:10 2017 - Fri Dec  8 15:14:10 2017  (00:00)
ubuntu   pts/10       Fri Dec  8 15:14:03 2017 - Fri Dec  8 15:14:04 2017  (00:00)
ubuntu   pts/6        Fri Dec  8 14:59:36 2017 - Fri Dec  8 14:59:36 2017  (00:00)
ubuntu   pts/10       Fri Dec  8 14:59:30 2017 - Fri Dec  8 14:59:30 2017  (00:00)
ubuntu   pts/4        Fri Dec  8 14:57:04 2017 - Fri Dec  8 15:14:07 2017  (00:17)
ubuntu   pts/5        Fri Dec  8 14:48:43 2017 - Fri Dec  8 14:48:44 2017  (00:00)
ubuntu   pts/9        Fri Dec  8 14:48:37 2017 - Fri Dec  8 14:48:37 2017  (00:00)
ubuntu   pts/5        Fri Dec  8 14:33:15 2017 - Fri Dec  8 14:33:15 2017  (00:00)
ubuntu   pts/5        Fri Dec  8 14:31:20 2017 - Fri Dec  8 14:31:20 2017  (00:00)
ubuntu   pts/9        Fri Dec  8 14:31:15 2017 - Fri Dec  8 14:31:15 2017  (00:00)
ubuntu   pts/5        Fri Dec  8 14:30:04 2017 - Fri Dec  8 14:30:04 2017  (00:00)
ubuntu   pts/9        Fri Dec  8 14:29:56 2017 - Fri Dec  8 14:29:56 2017  (00:00)
ubuntu   pts/3        Fri Dec  8 14:29:35 2017 - Fri Dec  8 17:38:11 2017  (03:08)
app      pts/5        Thu Dec  7 19:25:17 2017 - Thu Dec  7 19:26:18 2017  (00:01)
ubuntu   pts/6        Thu Dec  7 19:22:05 2017 - Thu Dec  7 19:22:05 2017  (00:00)
ubuntu   pts/10       Thu Dec  7 19:21:59 2017 - Thu Dec  7 19:22:00 2017  (00:00)
ubuntu   pts/6        Thu Dec  7 19:18:29 2017 - Thu Dec  7 19:18:30 2017  (00:00)
ubuntu   pts/10       Thu Dec  7 19:18:22 2017 - Thu Dec  7 19:18:23 2017  (00:00)
ubuntu   pts/7        Thu Dec  7 19:14:03 2017 - Thu Dec  7 19:14:04 2017  (00:00)
ubuntu   pts/5        Thu Dec  7 19:13:57 2017 - Thu Dec  7 19:13:58 2017  (00:00)
ubuntu   pts/7        Thu Dec  7 19:07:24 2017 - Thu Dec  7 19:07:24 2017  (00:00)
ubuntu   pts/10       Thu Dec  7 19:07:16 2017 - Thu Dec  7 19:07:16 2017  (00:00)
ubuntu   pts/8        Thu Dec  7 18:44:07 2017 - Thu Dec  7 18:44:08 2017  (00:00)
ubuntu   pts/10       Thu Dec  7 18:44:00 2017 - Thu Dec  7 18:44:01 2017  (00:00)
ubuntu   pts/4        Thu Dec  7 18:42:53 2017 - Thu Dec  7 21:44:45 2017  (03:01)
ubuntu   pts/7        Thu Dec  7 16:59:58 2017 - Thu Dec  7 16:59:58 2017  (00:00)
ubuntu   pts/9        Thu Dec  7 16:59:51 2017 - Thu Dec  7 16:59:52 2017  (00:00)
ubuntu   pts/5        Thu Dec  7 16:44:24 2017 - Thu Dec  7 16:44:24 2017  (00:00)
ubuntu   pts/6        Thu Dec  7 16:42:23 2017 - Thu Dec  7 16:42:23 2017  (00:00)
ubuntu   pts/9        Thu Dec  7 16:42:18 2017 - Thu Dec  7 16:42:18 2017  (00:00)
ubuntu   pts/5        Thu Dec  7 16:29:04 2017 - Thu Dec  7 16:29:04 2017  (00:00)
ubuntu   pts/6        Thu Dec  7 16:27:15 2017 - Thu Dec  7 16:27:15 2017  (00:00)
ubuntu   pts/9        Thu Dec  7 16:27:10 2017 - Thu Dec  7 16:27:10 2017  (00:00)
ubuntu   pts/5        Thu Dec  7 16:11:04 2017 - Thu Dec  7 16:11:04 2017  (00:00)
ubuntu   pts/5        Thu Dec  7 16:08:08 2017 - Thu Dec  7 16:08:08 2017  (00:00)
ubuntu   pts/9        Thu Dec  7 16:08:03 2017 - Thu Dec  7 16:08:03 2017  (00:00)
ubuntu   pts/5        Thu Dec  7 15:54:08 2017 - Thu Dec  7 15:54:08 2017  (00:00)
ubuntu   pts/7        Thu Dec  7 15:53:49 2017 - Thu Dec  7 15:53:50 2017  (00:00)
ubuntu   pts/7        Thu Dec  7 15:53:46 2017 - Thu Dec  7 15:53:46 2017  (00:00)
ubuntu   pts/6        Thu Dec  7 15:53:36 2017 - Thu Dec  7 15:53:36 2017  (00:00)
ubuntu   pts/9        Thu Dec  7 15:53:28 2017 - Thu Dec  7 15:53:28 2017  (00:00)
ubuntu   pts/3        Thu Dec  7 15:53:05 2017 - Thu Dec  7 19:46:31 2017  (03:53)
ubuntu   pts/3        Wed Dec  6 21:51:33 2017 - Wed Dec  6 22:24:25 2017  (00:32)
ubuntu   pts/3        Wed Dec  6 21:49:37 2017 - Wed Dec  6 21:51:16 2017  (00:01)
ubuntu   pts/3        Wed Dec  6 21:37:11 2017 - Wed Dec  6 21:46:00 2017  (00:08)
ubuntu   pts/3        Wed Dec  6 21:25:33 2017 - Wed Dec  6 21:27:16 2017  (00:01)
ubuntu   pts/3        Wed Dec  6 20:50:06 2017 - Wed Dec  6 20:51:12 2017  (00:01)
ubuntu   pts/3        Wed Dec  6 20:26:00 2017 - Wed Dec  6 20:48:07 2017  (00:22)
ubuntu   pts/2        Wed Dec  6 19:32:07 2017 - Fri Dec  8 16:25:05 2017 (1+20:52)
ubuntu   pts/4        Wed Dec  6 18:55:56 2017 - Wed Dec  6 18:55:56 2017  (00:00)
ubuntu   pts/7        Wed Dec  6 18:55:48 2017 - Wed Dec  6 18:55:48 2017  (00:00)
ubuntu   pts/0        Wed Dec  6 18:55:09 2017 - Sat Dec  9 01:06:09 2017 (2+06:11)
ubuntu   pts/4        Mon Dec  4 16:36:17 2017 - Mon Dec  4 16:36:18 2017  (00:00)
ubuntu   pts/8        Mon Dec  4 16:36:10 2017 - Mon Dec  4 16:36:10 2017  (00:00)
ubuntu   pts/4        Mon Dec  4 16:22:05 2017 - Mon Dec  4 16:27:05 2017  (00:05)
ubuntu   pts/4        Mon Dec  4 16:20:03 2017 - Mon Dec  4 16:20:03 2017  (00:00)
ubuntu   pts/8        Mon Dec  4 16:19:57 2017 - Mon Dec  4 16:19:57 2017  (00:00)
ubuntu   pts/5        Mon Dec  4 16:18:59 2017 - Mon Dec  4 16:18:59 2017  (00:00)
ubuntu   pts/8        Mon Dec  4 16:18:51 2017 - Mon Dec  4 16:18:52 2017  (00:00)
app      pts/4        Mon Dec  4 16:11:59 2017 - Mon Dec  4 16:12:01 2017  (00:00)
app      pts/3        Mon Dec  4 16:01:42 2017 - Mon Dec  4 16:12:11 2017  (00:10)
ubuntu   pts/4        Mon Dec  4 15:44:21 2017 - Mon Dec  4 15:44:22 2017  (00:00)
ubuntu   pts/6        Mon Dec  4 15:42:30 2017 - Mon Dec  4 15:42:30 2017  (00:00)
ubuntu   pts/7        Mon Dec  4 15:42:26 2017 - Mon Dec  4 15:42:26 2017  (00:00)
ubuntu   pts/4        Mon Dec  4 15:41:33 2017 - Mon Dec  4 15:41:33 2017  (00:00)
ubuntu   pts/8        Mon Dec  4 15:41:26 2017 - Mon Dec  4 15:41:27 2017  (00:00)
ubuntu   pts/2        Mon Dec  4 15:41:00 2017 - Mon Dec  4 18:50:37 2017  (03:09)
ubuntu   pts/3        Mon Dec  4 14:41:45 2017 - Mon Dec  4 14:41:45 2017  (00:00)
ubuntu   pts/6        Mon Dec  4 14:41:30 2017 - Mon Dec  4 14:41:30 2017  (00:00)
ubuntu   pts/6        Mon Dec  4 14:41:27 2017 - Mon Dec  4 14:41:27 2017  (00:00)
ubuntu   pts/3        Mon Dec  4 14:41:16 2017 - Mon Dec  4 14:41:16 2017  (00:00)
ubuntu   pts/7        Mon Dec  4 14:41:09 2017 - Mon Dec  4 14:41:09 2017  (00:00)
ubuntu   pts/4        Mon Dec  4 14:33:17 2017 - Mon Dec  4 14:33:18 2017  (00:00)
ubuntu   pts/7        Mon Dec  4 14:33:07 2017 - Mon Dec  4 14:33:07 2017  (00:00)
ubuntu   pts/0        Mon Dec  4 14:29:47 2017 - Mon Dec  4 17:06:59 2017  (02:37)
app      pts/0        Mon Dec  4 14:28:31 2017 - Mon Dec  4 14:29:42 2017  (00:01)
ubuntu   pts/4        Fri Dec  1 21:08:18 2017 - Fri Dec  1 21:13:19 2017  (00:05)
ubuntu   pts/4        Fri Dec  1 21:05:59 2017 - Fri Dec  1 21:05:59 2017  (00:00)
ubuntu   pts/8        Fri Dec  1 21:05:55 2017 - Fri Dec  1 21:05:55 2017  (00:00)
ubuntu   pts/4        Fri Dec  1 20:57:43 2017 - Fri Dec  1 21:05:59 2017  (00:08)
ubuntu   pts/4        Fri Dec  1 20:52:25 2017 - Fri Dec  1 20:52:25 2017  (00:00)
ubuntu   pts/5        Fri Dec  1 20:51:23 2017 - Fri Dec  1 20:52:22 2017  (00:00)
ubuntu   pts/5        Fri Dec  1 20:50:22 2017 - Fri Dec  1 20:50:22 2017  (00:00)
ubuntu   pts/7        Fri Dec  1 20:50:20 2017 - Mon Dec  4 14:33:07 2017 (2+17:42)
ubuntu   pts/8        Fri Dec  1 20:50:19 2017 - Fri Dec  1 20:50:19 2017  (00:00)
ubuntu   pts/5        Fri Dec  1 20:49:27 2017 - Fri Dec  1 20:49:27 2017  (00:00)
ubuntu   pts/7        Fri Dec  1 20:49:21 2017 - Fri Dec  1 20:49:21 2017  (00:00)
ubuntu   pts/3        Fri Dec  1 20:40:35 2017 - Fri Dec  1 20:45:20 2017  (00:04)
ubuntu   pts/5        Fri Dec  1 20:23:20 2017 - Fri Dec  1 20:23:20 2017  (00:00)
ubuntu   pts/4        Fri Dec  1 20:23:14 2017 - Fri Dec  1 20:23:14 2017  (00:00)
ubuntu   pts/4        Fri Dec  1 20:08:52 2017 - Fri Dec  1 20:08:52 2017  (00:00)
ubuntu   pts/4        Fri Dec  1 20:06:51 2017 - Fri Dec  1 20:06:51 2017  (00:00)
ubuntu   pts/8        Fri Dec  1 20:06:45 2017 - Fri Dec  1 20:06:46 2017  (00:00)
ubuntu   pts/6        Fri Dec  1 20:05:33 2017 - Fri Dec  1 20:05:33 2017  (00:00)
ubuntu   pts/8        Fri Dec  1 20:05:27 2017 - Fri Dec  1 20:05:27 2017  (00:00)
ubuntu   pts/2        Fri Dec  1 20:05:00 2017 - Mon Dec  4 15:41:00 2017 (2+19:36)
ubuntu   pts/0        Fri Dec  1 20:00:37 2017 - Fri Dec  1 23:13:40 2017  (03:13)
ubuntu   pts/4        Fri Dec  1 19:26:22 2017 - Fri Dec  1 19:29:57 2017  (00:03)
ubuntu   pts/2        Fri Dec  1 19:03:42 2017 - Fri Dec  1 20:00:16 2017  (00:56)
ubuntu   pts/3        Fri Dec  1 18:24:31 2017 - Fri Dec  1 20:00:23 2017  (01:35)
ubuntu   pts/10       Fri Dec  1 18:15:41 2017 - Fri Dec  1 18:15:41 2017  (00:00)
ubuntu   pts/11       Fri Dec  1 18:15:34 2017 - Fri Dec  1 18:15:35 2017  (00:00)
ubuntu   pts/7        Fri Dec  1 17:58:54 2017 - Fri Dec  1 17:58:54 2017  (00:00)
ubuntu   pts/8        Fri Dec  1 17:58:41 2017 - Fri Dec  1 17:58:41 2017  (00:00)
ubuntu   pts/11       Fri Dec  1 17:58:36 2017 - Fri Dec  1 17:58:36 2017  (00:00)
ubuntu   pts/8        Fri Dec  1 17:57:18 2017 - Fri Dec  1 17:57:18 2017  (00:00)
ubuntu   pts/11       Fri Dec  1 17:57:10 2017 - Fri Dec  1 17:57:11 2017  (00:00)
ubuntu   pts/7        Fri Dec  1 17:56:06 2017 - Fri Dec  1 17:56:06 2017  (00:00)
ubuntu   pts/11       Fri Dec  1 17:55:58 2017 - Fri Dec  1 17:55:58 2017  (00:00)
ubuntu   pts/7        Fri Dec  1 17:50:19 2017 - Fri Dec  1 17:55:19 2017  (00:05)
ubuntu   pts/7        Fri Dec  1 17:48:28 2017 - Fri Dec  1 17:48:28 2017  (00:00)
ubuntu   pts/11       Fri Dec  1 17:48:23 2017 - Fri Dec  1 17:48:23 2017  (00:00)
ubuntu   pts/6        Fri Dec  1 17:46:34 2017 - Fri Dec  1 17:46:35 2017  (00:00)
ubuntu   pts/11       Fri Dec  1 17:46:28 2017 - Fri Dec  1 17:46:28 2017  (00:00)
ubuntu   pts/5        Fri Dec  1 17:46:09 2017 - Fri Dec  1 20:00:21 2017  (02:14)
ubuntu   pts/4        Fri Dec  1 17:36:21 2017 - Fri Dec  1 18:24:21 2017  (00:48)
ubuntu   pts/3        Fri Dec  1 17:31:47 2017 - Fri Dec  1 18:24:21 2017  (00:52)
app      pts/3        Fri Dec  1 17:31:05 2017 - Fri Dec  1 17:31:42 2017  (00:00)
ubuntu   pts/3        Fri Dec  1 17:24:24 2017 - Fri Dec  1 17:24:24 2017  (00:00)
ubuntu   pts/6        Fri Dec  1 17:24:18 2017 - Fri Dec  1 17:24:18 2017  (00:00)
ubuntu   pts/4        Fri Dec  1 17:09:47 2017 - Fri Dec  1 17:09:47 2017  (00:00)
ubuntu   pts/6        Fri Dec  1 17:07:32 2017 - Fri Dec  1 17:07:32 2017  (00:00)
ubuntu   pts/8        Fri Dec  1 17:07:26 2017 - Fri Dec  1 17:07:26 2017  (00:00)
ubuntu   pts/8        Fri Dec  1 17:06:04 2017 - Fri Dec  1 17:06:05 2017  (00:00)
ubuntu   pts/8        Fri Dec  1 17:05:59 2017 - Fri Dec  1 17:06:00 2017  (00:00)
ubuntu   pts/5        Fri Dec  1 17:05:06 2017 - Fri Dec  1 17:05:06 2017  (00:00)
ubuntu   pts/8        Fri Dec  1 17:04:56 2017 - Fri Dec  1 17:04:56 2017  (00:00)
ubuntu   pts/2        Fri Dec  1 16:15:43 2017 - Fri Dec  1 18:28:00 2017  (02:12)
ubuntu   pts/4        Fri Dec  1 15:53:06 2017 - Fri Dec  1 15:53:06 2017  (00:00)
ubuntu   pts/7        Fri Dec  1 15:52:59 2017 - Fri Dec  1 15:52:59 2017  (00:00)
ubuntu   pts/3        Fri Dec  1 15:35:46 2017 - Fri Dec  1 15:35:46 2017  (00:00)
ubuntu   pts/2        Fri Dec  1 15:35:33 2017 - Fri Dec  1 15:35:33 2017  (00:00)
ubuntu   pts/6        Fri Dec  1 15:35:30 2017 - Fri Dec  1 15:35:30 2017  (00:00)
ubuntu   pts/6        Fri Dec  1 15:34:47 2017 - Fri Dec  1 15:34:47 2017  (00:00)
ubuntu   pts/7        Fri Dec  1 15:34:39 2017 - Fri Dec  1 15:34:40 2017  (00:00)
ubuntu   pts/0        Fri Dec  1 15:34:08 2017 - Fri Dec  1 19:42:02 2017  (04:07)
app      pts/0        Fri Dec  1 15:34:02 2017 - Fri Dec  1 15:34:04 2017  (00:00)
ubuntu   pts/3        Fri Dec  1 15:22:55 2017 - Fri Dec  1 15:22:55 2017  (00:00)
ubuntu   pts/2        Fri Dec  1 15:22:45 2017 - Fri Dec  1 15:22:46 2017  (00:00)
ubuntu   pts/0        Fri Dec  1 15:22:12 2017 - Fri Dec  1 15:24:20 2017  (00:02)

wtmp begins Fri Dec  1 15:22:12 2017
