ubuntu   pts/0        Tue Feb 26 01:08:14 2019   still logged in                       216.160.28.244
ubuntu   pts/0        Tue Feb 26 00:31:14 2019 - Tue Feb 26 00:32:13 2019  (00:00)     216.160.28.244
ubuntu   pts/0        Tue Feb 26 00:17:42 2019 - Tue Feb 26 00:27:15 2019  (00:09)     216.160.28.244
ubuntu   pts/0        Mon Feb 25 23:50:54 2019 - Mon Feb 25 23:51:56 2019  (00:01)     216.160.28.244
ubuntu   pts/0        Mon Feb 25 21:47:40 2019 - Mon Feb 25 23:10:16 2019  (01:22)     216.70.43.154.static.enventis.net
ubuntu   pts/10       Mon Feb 25 21:38:02 2019 - Mon Feb 25 21:38:02 2019  (00:00)     ec2-34-202-212-120.compute-1.amazonaws.com
ubuntu   pts/10       Mon Feb 25 21:37:57 2019 - Mon Feb 25 21:37:57 2019  (00:00)     ip-172-31-0-70.ec2.internal
ubuntu   pts/7        Mon Feb 25 21:37:51 2019 - Mon Feb 25 21:37:52 2019  (00:00)     ec2-34-202-212-120.compute-1.amazonaws.com
ubuntu   pts/10       Mon Feb 25 21:37:32 2019 - Mon Feb 25 21:37:33 2019  (00:00)     ip-172-31-0-70.ec2.internal
ubuntu   pts/2        Mon Feb 25 21:37:14 2019 - Mon Feb 25 21:41:17 2019  (00:04)     216.70.43.154.static.enventis.net
ubuntu   pts/4        Mon Feb 25 21:33:54 2019 - Tue Feb 26 00:56:35 2019  (03:22)     216.70.43.154.static.enventis.net
ubuntu   pts/3        Mon Feb 25 21:25:02 2019 - Mon Feb 25 21:39:43 2019  (00:14)     216.70.43.154.static.enventis.net
ubuntu   pts/3        Mon Feb 25 20:53:47 2019 - Mon Feb 25 20:53:47 2019  (00:00)     ec2-34-202-212-120.compute-1.amazonaws.com
ubuntu   pts/7        Mon Feb 25 20:53:43 2019 - Mon Feb 25 20:53:43 2019  (00:00)     ip-172-31-0-70.ec2.internal
ubuntu   pts/3        Mon Feb 25 20:46:49 2019 - Mon Feb 25 20:46:49 2019  (00:00)     ec2-34-202-212-120.compute-1.amazonaws.com
ubuntu   pts/6        Mon Feb 25 20:46:42 2019 - Mon Feb 25 20:46:42 2019  (00:00)     ip-172-31-0-70.ec2.internal
ubuntu   pts/4        Mon Feb 25 20:28:05 2019 - Mon Feb 25 20:28:05 2019  (00:00)     ip-172-31-0-70.ec2.internal
ubuntu   pts/5        Mon Feb 25 20:28:05 2019 - Mon Feb 25 20:28:05 2019  (00:00)     ec2-34-202-212-120.compute-1.amazonaws.com
ubuntu   pts/3        Mon Feb 25 20:23:28 2019 - Mon Feb 25 20:23:28 2019  (00:00)     ip-172-31-0-70.ec2.internal
ubuntu   pts/4        Mon Feb 25 20:23:27 2019 - Mon Feb 25 20:23:27 2019  (00:00)     ec2-34-202-212-120.compute-1.amazonaws.com
ubuntu   pts/1        Mon Feb 25 20:22:09 2019 - Mon Feb 25 21:41:28 2019  (01:19)     216.70.43.154.static.enventis.net
ubuntu   pts/1        Mon Feb 25 19:13:40 2019 - Mon Feb 25 19:43:25 2019  (00:29)     216.70.43.154.static.enventis.net
ubuntu   pts/0        Mon Feb 25 18:26:50 2019 - Mon Feb 25 18:27:43 2019  (00:00)     216.70.43.154.static.enventis.net
ubuntu   pts/0        Sun Feb 24 22:55:17 2019 - Sun Feb 24 23:20:45 2019  (00:25)     c-24-118-8-173.hsd1.mn.comcast.net
ubuntu   pts/0        Sun Feb 24 22:54:20 2019 - Sun Feb 24 22:54:52 2019  (00:00)     c-24-118-8-173.hsd1.mn.comcast.net
ubuntu   pts/1        Sun Feb 24 20:49:40 2019 - Mon Feb 25 02:41:37 2019  (05:51)     216.160.28.244
ubuntu   pts/0        Sun Feb 24 20:45:30 2019 - Sun Feb 24 20:55:10 2019  (00:09)     216.160.28.244
ubuntu   pts/0        Sun Feb 24 18:39:49 2019 - Sun Feb 24 20:41:02 2019  (02:01)     216.160.28.244
ubuntu   pts/3        Fri Feb 22 19:30:03 2019 - Fri Feb 22 19:30:06 2019  (00:00)     216.70.43.154.static.enventis.net
ubuntu   pts/1        Fri Feb 22 17:42:46 2019 - Fri Feb 22 17:46:43 2019  (00:03)     c-98-202-144-187.hsd1.ut.comcast.net
ubuntu   pts/0        Fri Feb 22 14:31:17 2019 - Fri Feb 22 19:00:19 2019  (04:29)     216.70.43.154.static.enventis.net
ubuntu   pts/1        Fri Feb 22 04:22:57 2019 - Fri Feb 22 04:25:48 2019  (00:02)     c-24-118-8-173.hsd1.mn.comcast.net
ubuntu   pts/2        Fri Feb 22 00:39:32 2019 - Fri Feb 22 20:07:56 2019  (19:28)     c-73-71-195-74.hsd1.ca.comcast.net
ubuntu   pts/0        Thu Feb 21 22:24:14 2019 - Fri Feb 22 00:59:35 2019  (02:35)     c-24-118-8-173.hsd1.mn.comcast.net
ubuntu   pts/0        Thu Feb 21 21:58:12 2019 - Thu Feb 21 22:18:30 2019  (00:20)     c-24-118-8-173.hsd1.mn.comcast.net
ubuntu   pts/0        Wed Feb 20 22:41:42 2019 - Thu Feb 21 10:55:28 2019  (12:13)     65-128-170-120.mpls.qwest.net
ubuntu   pts/0        Wed Feb 20 22:38:58 2019 - Wed Feb 20 22:40:46 2019  (00:01)     65-128-170-120.mpls.qwest.net
ubuntu   pts/0        Wed Feb 20 22:33:53 2019 - Wed Feb 20 22:36:08 2019  (00:02)     65-128-170-120.mpls.qwest.net
ubuntu   pts/0        Wed Feb 20 22:29:26 2019 - Wed Feb 20 22:30:43 2019  (00:01)     65-128-170-120.mpls.qwest.net
ubuntu   pts/4        Wed Feb 20 22:27:43 2019 - Wed Feb 20 22:27:43 2019  (00:00)     ec2-34-202-212-120.compute-1.amazonaws.com
ubuntu   pts/5        Wed Feb 20 22:27:40 2019 - Wed Feb 20 22:27:40 2019  (00:00)     ip-172-31-0-70.ec2.internal
ubuntu   pts/4        Wed Feb 20 22:27:31 2019 - Wed Feb 20 22:27:31 2019  (00:00)     ec2-34-202-212-120.compute-1.amazonaws.com
ubuntu   pts/7        Wed Feb 20 22:27:21 2019 - Wed Feb 20 22:27:21 2019  (00:00)     ip-172-31-0-70.ec2.internal
ubuntu   pts/1        Wed Feb 20 22:25:02 2019 - Wed Feb 20 22:29:04 2019  (00:04)     c-98-202-144-187.hsd1.ut.comcast.net
ubuntu   pts/6        Wed Feb 20 18:11:16 2019 - Wed Feb 20 18:11:16 2019  (00:00)     ec2-34-202-212-120.compute-1.amazonaws.com
ubuntu   pts/4        Wed Feb 20 18:11:14 2019 - Wed Feb 20 18:11:14 2019  (00:00)     ip-172-31-0-70.ec2.internal
ubuntu   pts/6        Wed Feb 20 18:10:55 2019 - Wed Feb 20 18:10:55 2019  (00:00)     ec2-34-202-212-120.compute-1.amazonaws.com
ubuntu   pts/6        Wed Feb 20 18:10:43 2019 - Wed Feb 20 18:10:44 2019  (00:00)     ip-172-31-0-70.ec2.internal
ubuntu   pts/0        Wed Feb 20 18:08:50 2019 - Wed Feb 20 18:16:48 2019  (00:07)     c-98-202-144-187.hsd1.ut.comcast.net
ubuntu   pts/0        Wed Feb 20 17:19:11 2019 - Wed Feb 20 17:22:02 2019  (00:02)     65-128-170-120.mpls.qwest.net
ubuntu   pts/0        Wed Feb 20 17:09:23 2019 - Wed Feb 20 17:09:26 2019  (00:00)     65-128-170-120.mpls.qwest.net
ubuntu   pts/0        Wed Feb 20 17:03:10 2019 - Wed Feb 20 17:07:01 2019  (00:03)     65-128-170-120.mpls.qwest.net
ubuntu   pts/0        Tue Feb 19 21:50:13 2019 - Tue Feb 19 22:23:23 2019  (00:33)     216.70.43.154.static.enventis.net
ubuntu   pts/7        Tue Feb 19 19:51:14 2019 - Tue Feb 19 19:51:14 2019  (00:00)     ip-172-31-0-70.ec2.internal
ubuntu   pts/11       Tue Feb 19 19:51:13 2019 - Tue Feb 19 19:51:13 2019  (00:00)     ec2-34-202-212-120.compute-1.amazonaws.com
ubuntu   pts/7        Tue Feb 19 19:50:49 2019 - Tue Feb 19 19:50:49 2019  (00:00)     ec2-34-202-212-120.compute-1.amazonaws.com
ubuntu   pts/8        Tue Feb 19 19:50:48 2019 - Tue Feb 19 19:50:48 2019  (00:00)     ip-172-31-0-70.ec2.internal
ubuntu   pts/5        Tue Feb 19 19:48:10 2019 - Tue Feb 19 19:53:32 2019  (00:05)     c-98-202-144-187.hsd1.ut.comcast.net
ubuntu   pts/4        Tue Feb 19 19:44:51 2019 - Tue Feb 19 20:35:30 2019  (00:50)     216.70.43.154.static.enventis.net
ubuntu   pts/3        Tue Feb 19 19:38:18 2019 - Tue Feb 19 19:58:05 2019  (00:19)     c-98-202-144-187.hsd1.ut.comcast.net
ubuntu   pts/0        Tue Feb 19 19:25:17 2019 - Tue Feb 19 20:35:26 2019  (01:10)     216.70.43.154.static.enventis.net
ubuntu   pts/3        Tue Feb 19 17:29:22 2019 - Tue Feb 19 17:29:26 2019  (00:00)     216.70.43.154.static.enventis.net
ubuntu   pts/2        Tue Feb 19 17:29:09 2019 - Tue Feb 19 20:35:20 2019  (03:06)     216.70.43.154.static.enventis.net
ubuntu   pts/1        Tue Feb 19 17:13:24 2019 - Tue Feb 19 20:35:15 2019  (03:21)     216.70.43.154.static.enventis.net
ubuntu   pts/0        Tue Feb 19 16:23:31 2019 - Tue Feb 19 19:15:34 2019  (02:52)     216.70.43.154.static.enventis.net
ubuntu   pts/3        Tue Feb 19 15:58:50 2019 - Tue Feb 19 15:58:50 2019  (00:00)     ec2-34-202-212-120.compute-1.amazonaws.com
ubuntu   pts/4        Tue Feb 19 15:58:49 2019 - Tue Feb 19 15:58:50 2019  (00:00)     ip-172-31-0-70.ec2.internal
ubuntu   pts/0        Tue Feb 19 15:56:11 2019 - Tue Feb 19 16:03:58 2019  (00:07)     216.70.43.154.static.enventis.net
ubuntu   pts/0        Tue Feb 19 15:05:43 2019 - Tue Feb 19 15:06:20 2019  (00:00)     216.70.43.154.static.enventis.net
ubuntu   pts/0        Tue Feb 19 13:41:55 2019 - Tue Feb 19 13:44:33 2019  (00:02)     216.70.43.154.static.enventis.net
ubuntu   pts/0        Mon Feb 18 02:37:41 2019 - Mon Feb 18 16:46:51 2019  (14:09)     c-24-118-8-173.hsd1.mn.comcast.net
ubuntu   pts/0        Mon Feb 18 02:20:48 2019 - Mon Feb 18 02:20:56 2019  (00:00)     c-24-118-8-173.hsd1.mn.comcast.net
ubuntu   pts/0        Sun Feb 17 07:05:54 2019 - Sun Feb 17 07:05:56 2019  (00:00)     c-24-118-8-173.hsd1.mn.comcast.net
ubuntu   pts/0        Sat Feb 16 15:32:04 2019 - Sat Feb 16 15:35:28 2019  (00:03)     c-174-52-112-147.hsd1.ut.comcast.net
ubuntu   pts/3        Fri Feb 15 22:07:22 2019 - Fri Feb 15 22:16:38 2019  (00:09)     216.70.43.154.static.enventis.net
ubuntu   pts/2        Fri Feb 15 21:47:17 2019 - Sat Feb 16 00:34:42 2019  (02:47)     216.70.43.154.static.enventis.net
ubuntu   pts/2        Fri Feb 15 21:43:21 2019 - Fri Feb 15 21:43:49 2019  (00:00)     216.70.43.154.static.enventis.net
ubuntu   pts/2        Fri Feb 15 21:35:08 2019 - Fri Feb 15 21:38:31 2019  (00:03)     216.70.43.154.static.enventis.net
ubuntu   pts/2        Fri Feb 15 21:28:26 2019 - Fri Feb 15 21:34:34 2019  (00:06)     216.70.43.154.static.enventis.net
ubuntu   pts/3        Fri Feb 15 21:00:04 2019 - Fri Feb 15 21:00:04 2019  (00:00)     ec2-34-202-212-120.compute-1.amazonaws.com
ubuntu   pts/8        Fri Feb 15 20:59:54 2019 - Fri Feb 15 20:59:54 2019  (00:00)     ip-172-31-0-70.ec2.internal
ubuntu   pts/3        Fri Feb 15 18:09:55 2019 - Fri Feb 15 18:09:57 2019  (00:00)     0.0.0.0
ubuntu   pts/1        Fri Feb 15 18:09:41 2019 - Fri Feb 15 18:09:58 2019  (00:00)     216.70.43.154.static.enventis.net
ubuntu   pts/5        Fri Feb 15 17:33:52 2019 - Fri Feb 15 21:50:55 2019  (04:17)     216.70.43.154.static.enventis.net
ubuntu   pts/0        Fri Feb 15 17:32:56 2019 - Fri Feb 15 22:16:45 2019  (04:43)     216.70.43.154.static.enventis.net
ubuntu   pts/0        Fri Feb 15 17:21:32 2019 - Fri Feb 15 17:25:19 2019  (00:03)     216.70.43.154.static.enventis.net
ubuntu   pts/4        Fri Feb 15 16:59:49 2019 - Fri Feb 15 22:17:43 2019  (05:17)     216.70.43.154.static.enventis.net
ubuntu   pts/3        Fri Feb 15 16:38:33 2019 - Fri Feb 15 17:50:00 2019  (01:11)     216.70.43.154.static.enventis.net
ubuntu   pts/2        Fri Feb 15 16:27:00 2019 - Fri Feb 15 18:52:27 2019  (02:25)     216.70.43.154.static.enventis.net
ubuntu   pts/1        Thu Feb 14 23:38:06 2019 - Fri Feb 15 00:11:59 2019  (00:33)     216.70.43.154.static.enventis.net
ubuntu   pts/5        Thu Feb 14 23:27:14 2019 - Fri Feb 15 00:08:00 2019  (00:40)     216.70.43.154.static.enventis.net
ubuntu   pts/4        Thu Feb 14 23:01:23 2019 - Thu Feb 14 23:30:25 2019  (00:29)     216.70.43.154.static.enventis.net
ubuntu   pts/0        Thu Feb 14 22:45:28 2019 - Fri Feb 15 02:23:39 2019  (03:38)     216.70.43.154.static.enventis.net
ubuntu   pts/1        Thu Feb 14 21:59:26 2019 - Thu Feb 14 23:37:54 2019  (01:38)     216.70.43.154.static.enventis.net
ubuntu   pts/1        Thu Feb 14 21:58:06 2019 - Thu Feb 14 21:58:17 2019  (00:00)     c-174-52-112-147.hsd1.ut.comcast.net
ubuntu   pts/3        Thu Feb 14 21:45:58 2019 - Thu Feb 14 23:47:36 2019  (02:01)     216.70.43.154.static.enventis.net
ubuntu   pts/3        Thu Feb 14 21:42:40 2019 - Thu Feb 14 21:43:09 2019  (00:00)     216.160.28.244
ubuntu   pts/6        Thu Feb 14 21:39:51 2019 - Thu Feb 14 21:39:51 2019  (00:00)     ec2-34-202-212-120.compute-1.amazonaws.com
ubuntu   pts/6        Thu Feb 14 21:39:42 2019 - Thu Feb 14 21:39:42 2019  (00:00)     ip-172-31-0-70.ec2.internal
ubuntu   pts/6        Thu Feb 14 21:38:49 2019 - Thu Feb 14 21:38:50 2019  (00:00)     ec2-34-202-212-120.compute-1.amazonaws.com
ubuntu   pts/7        Thu Feb 14 21:38:46 2019 - Thu Feb 14 21:38:47 2019  (00:00)     ip-172-31-0-70.ec2.internal
ubuntu   pts/0        Thu Feb 14 21:31:53 2019 - Thu Feb 14 22:45:26 2019  (01:13)     216.70.43.154.static.enventis.net
ubuntu   pts/5        Thu Feb 14 21:29:49 2019 - Thu Feb 14 21:29:49 2019  (00:00)     ec2-34-202-212-120.compute-1.amazonaws.com
ubuntu   pts/9        Thu Feb 14 21:29:45 2019 - Thu Feb 14 21:29:46 2019  (00:00)     ip-172-31-0-70.ec2.internal
ubuntu   pts/4        Thu Feb 14 21:26:17 2019 - Thu Feb 14 22:15:57 2019  (00:49)     216.70.43.154.static.enventis.net
ubuntu   pts/7        Thu Feb 14 21:25:55 2019 - Thu Feb 14 21:25:55 2019  (00:00)     ec2-34-202-212-120.compute-1.amazonaws.com
ubuntu   pts/7        Thu Feb 14 21:25:55 2019 - Thu Feb 14 21:25:55 2019  (00:00)     ip-172-31-0-70.ec2.internal
ubuntu   pts/4        Thu Feb 14 21:25:51 2019 - Thu Feb 14 21:25:51 2019  (00:00)     ec2-34-202-212-120.compute-1.amazonaws.com
ubuntu   pts/6        Thu Feb 14 21:25:49 2019 - Thu Feb 14 21:25:49 2019  (00:00)     ip-172-31-0-70.ec2.internal
ubuntu   pts/1        Thu Feb 14 21:24:19 2019 - Thu Feb 14 21:45:59 2019  (00:21)     216.160.28.244
ubuntu   pts/4        Thu Feb 14 21:10:07 2019 - Thu Feb 14 21:15:20 2019  (00:05)     0.0.0.0
ubuntu   pts/3        Thu Feb 14 21:10:04 2019 - Thu Feb 14 21:15:21 2019  (00:05)     c-98-202-144-187.hsd1.ut.comcast.net
ubuntu   pts/1        Thu Feb 14 20:56:56 2019 - Thu Feb 14 21:24:01 2019  (00:27)     216.70.43.154.static.enventis.net
ubuntu   pts/2        Thu Feb 14 18:53:13 2019 - Fri Feb 15 00:12:07 2019  (05:18)     216.70.43.154.static.enventis.net
ubuntu   pts/0        Thu Feb 14 18:43:36 2019 - Thu Feb 14 21:31:51 2019  (02:48)     216.70.43.154.static.enventis.net
ubuntu   pts/1        Thu Feb 14 17:41:33 2019 - Thu Feb 14 20:51:53 2019  (03:10)     216.70.43.154.static.enventis.net
ubuntu   pts/1        Thu Feb 14 17:30:59 2019 - Thu Feb 14 17:36:26 2019  (00:05)     c-174-52-112-147.hsd1.ut.comcast.net
ubuntu   pts/1        Thu Feb 14 17:24:32 2019 - Thu Feb 14 17:30:44 2019  (00:06)     c-174-52-112-147.hsd1.ut.comcast.net
ubuntu   pts/0        Thu Feb 14 16:18:26 2019 - Thu Feb 14 18:11:32 2019  (01:53)     216.70.43.154.static.enventis.net
ubuntu   pts/2        Thu Feb 14 14:18:58 2019 - Thu Feb 14 14:18:58 2019  (00:00)     ec2-34-202-212-120.compute-1.amazonaws.com
ubuntu   pts/5        Thu Feb 14 14:18:56 2019 - Thu Feb 14 14:18:56 2019  (00:00)     ip-172-31-0-70.ec2.internal
ubuntu   pts/2        Thu Feb 14 14:00:58 2019 - Thu Feb 14 14:01:17 2019  (00:00)     drip-staging-ansible
ubuntu   pts/2        Thu Feb 14 14:00:57 2019 - Thu Feb 14 14:00:57 2019  (00:00)     drip-staging-ansible
ubuntu   pts/2        Thu Feb 14 14:00:14 2019 - Thu Feb 14 14:00:14 2019  (00:00)     ec2-34-202-212-120.compute-1.amazonaws.com
ubuntu   pts/6        Thu Feb 14 14:00:07 2019 - Thu Feb 14 14:00:07 2019  (00:00)     ip-172-31-0-70.ec2.internal
ubuntu   pts/4        Thu Feb 14 13:51:01 2019 - Thu Feb 14 13:51:01 2019  (00:00)     ec2-34-202-212-120.compute-1.amazonaws.com
ubuntu   pts/6        Thu Feb 14 13:50:56 2019 - Thu Feb 14 13:50:57 2019  (00:00)     ip-172-31-0-70.ec2.internal
ubuntu   pts/0        Thu Feb 14 13:49:56 2019 - Thu Feb 14 15:38:05 2019  (01:48)     216.160.28.244
ubuntu   pts/2        Wed Feb 13 18:58:08 2019 - Wed Feb 13 19:24:59 2019  (00:26)     216.70.43.154.static.enventis.net
ubuntu   pts/1        Wed Feb 13 18:40:56 2019 - Thu Feb 14 00:17:36 2019  (05:36)     216.70.43.154.static.enventis.net
ubuntu   pts/1        Wed Feb 13 18:30:34 2019 - Wed Feb 13 18:36:40 2019  (00:06)     216.70.43.154.static.enventis.net
ubuntu   pts/0        Wed Feb 13 18:26:51 2019 - Wed Feb 13 23:40:28 2019  (05:13)     216.70.43.154.static.enventis.net
ubuntu   pts/0        Wed Feb 13 16:56:04 2019 - Wed Feb 13 17:44:35 2019  (00:48)     216.70.43.154.static.enventis.net
ubuntu   pts/0        Wed Feb 13 16:48:52 2019 - Wed Feb 13 16:51:30 2019  (00:02)     216.70.43.154.static.enventis.net
ubuntu   pts/0        Wed Feb 13 15:29:50 2019 - Wed Feb 13 15:30:10 2019  (00:00)     107.191.0.65.static.utbb.net
ubuntu   pts/2        Wed Feb 13 15:20:04 2019 - Wed Feb 13 15:20:04 2019  (00:00)     ec2-34-202-212-120.compute-1.amazonaws.com
ubuntu   pts/6        Wed Feb 13 15:20:00 2019 - Wed Feb 13 15:20:00 2019  (00:00)     ip-172-31-0-70.ec2.internal
ubuntu   pts/4        Wed Feb 13 15:19:32 2019 - Wed Feb 13 15:19:32 2019  (00:00)     ec2-34-202-212-120.compute-1.amazonaws.com
ubuntu   pts/2        Wed Feb 13 15:19:32 2019 - Wed Feb 13 15:19:32 2019  (00:00)     ip-172-31-0-70.ec2.internal
ubuntu   pts/3        Wed Feb 13 15:13:54 2019 - Wed Feb 13 15:13:54 2019  (00:00)     ec2-34-202-212-120.compute-1.amazonaws.com
ubuntu   pts/6        Wed Feb 13 15:13:52 2019 - Wed Feb 13 15:13:52 2019  (00:00)     ip-172-31-0-70.ec2.internal
ubuntu   pts/2        Wed Feb 13 15:09:04 2019 - Wed Feb 13 15:09:04 2019  (00:00)     ec2-34-202-212-120.compute-1.amazonaws.com
ubuntu   pts/1        Wed Feb 13 15:09:02 2019 - Wed Feb 13 15:09:02 2019  (00:00)     ip-172-31-0-70.ec2.internal
ubuntu   pts/5        Wed Feb 13 15:08:44 2019 - Wed Feb 13 15:08:44 2019  (00:00)     ec2-34-202-212-120.compute-1.amazonaws.com
ubuntu   pts/5        Wed Feb 13 15:08:39 2019 - Wed Feb 13 15:08:39 2019  (00:00)     ip-172-31-0-70.ec2.internal
ubuntu   pts/2        Wed Feb 13 15:04:55 2019 - Wed Feb 13 15:04:55 2019  (00:00)     ec2-34-202-212-120.compute-1.amazonaws.com
ubuntu   pts/6        Wed Feb 13 15:04:55 2019 - Wed Feb 13 15:04:55 2019  (00:00)     ip-172-31-0-70.ec2.internal
ubuntu   pts/3        Wed Feb 13 15:04:30 2019 - Wed Feb 13 15:04:30 2019  (00:00)     ec2-34-202-212-120.compute-1.amazonaws.com
ubuntu   pts/6        Wed Feb 13 15:04:24 2019 - Wed Feb 13 15:04:25 2019  (00:00)     ip-172-31-0-70.ec2.internal
ubuntu   pts/0        Wed Feb 13 14:59:55 2019 - Wed Feb 13 15:21:20 2019  (00:21)     107.191.0.65.static.utbb.net
ubuntu   pts/0        Wed Feb 13 14:56:01 2019 - Wed Feb 13 14:57:34 2019  (00:01)     107.191.0.65.static.utbb.net
ubuntu   pts/1        Wed Feb 13 05:57:48 2019 - Wed Feb 13 08:22:33 2019  (02:24)     c-24-118-8-173.hsd1.mn.comcast.net
ubuntu   pts/0        Wed Feb 13 03:46:19 2019 - Wed Feb 13 08:22:33 2019  (04:36)     c-24-118-8-173.hsd1.mn.comcast.net
ubuntu   pts/1        Tue Feb 12 22:47:19 2019 - Wed Feb 13 01:03:55 2019  (02:16)     c-24-118-8-173.hsd1.mn.comcast.net
ubuntu   pts/2        Tue Feb 12 21:07:09 2019 - Tue Feb 12 21:07:13 2019  (00:00)     h199-182-204-19.ip4.unmetered.zone
ubuntu   pts/1        Tue Feb 12 19:44:33 2019 - Tue Feb 12 22:18:07 2019  (02:33)     216.70.43.154.static.enventis.net
ubuntu   pts/0        Tue Feb 12 19:42:51 2019 - Tue Feb 12 22:53:37 2019  (03:10)     216.70.43.154.static.enventis.net
ubuntu   pts/0        Tue Feb 12 16:02:51 2019 - Tue Feb 12 19:42:48 2019  (03:39)     216.70.43.154.static.enventis.net
ubuntu   pts/1        Tue Feb 12 15:51:12 2019 - Tue Feb 12 17:54:04 2019  (02:02)     216.70.43.154.static.enventis.net
ubuntu   pts/0        Tue Feb 12 15:31:18 2019 - Tue Feb 12 16:02:33 2019  (00:31)     216.70.43.154.static.enventis.net
ubuntu   pts/2        Mon Feb 11 22:27:48 2019 - Mon Feb 11 22:30:52 2019  (00:03)     216.70.43.154.static.enventis.net
ubuntu   pts/0        Mon Feb 11 22:21:35 2019 - Mon Feb 11 22:32:52 2019  (00:11)     216.70.43.154.static.enventis.net
ubuntu   pts/0        Mon Feb 11 21:49:52 2019 - Mon Feb 11 22:19:09 2019  (00:29)     216.70.43.154.static.enventis.net
ubuntu   pts/1        Mon Feb 11 19:51:15 2019 - Mon Feb 11 20:04:10 2019  (00:12)     216.70.43.154.static.enventis.net
ubuntu   pts/2        Mon Feb 11 19:31:29 2019 - Mon Feb 11 19:31:34 2019  (00:00)     216.70.43.154.static.enventis.net
ubuntu   pts/3        Mon Feb 11 19:20:40 2019 - Mon Feb 11 19:23:43 2019  (00:03)     216.70.43.154.static.enventis.net
ubuntu   pts/2        Mon Feb 11 19:10:02 2019 - Mon Feb 11 19:23:37 2019  (00:13)     216.70.43.154.static.enventis.net
ubuntu   pts/3        Mon Feb 11 18:53:15 2019 - Mon Feb 11 18:53:15 2019  (00:00)     ec2-34-202-212-120.compute-1.amazonaws.com
ubuntu   pts/6        Mon Feb 11 18:53:00 2019 - Mon Feb 11 18:53:00 2019  (00:00)     ip-172-31-0-70.ec2.internal
ubuntu   pts/0        Mon Feb 11 18:52:05 2019 - Mon Feb 11 21:15:47 2019  (02:23)     216.70.43.154.static.enventis.net
ubuntu   pts/0        Mon Feb 11 18:51:12 2019 - Mon Feb 11 18:51:32 2019  (00:00)     216.70.43.154.static.enventis.net
ubuntu   pts/0        Sat Feb  9 20:09:30 2019 - Sat Feb  9 20:16:59 2019  (00:07)     c-24-118-8-173.hsd1.mn.comcast.net
ubuntu   pts/0        Fri Feb  8 23:03:41 2019 - Fri Feb  8 23:14:36 2019  (00:10)     c-98-202-144-187.hsd1.ut.comcast.net
ubuntu   pts/4        Fri Feb  8 21:52:05 2019 - Sat Feb  9 00:30:05 2019  (02:38)     216.70.43.154.static.enventis.net
ubuntu   pts/8        Fri Feb  8 20:55:44 2019 - Fri Feb  8 20:55:44 2019  (00:00)     ec2-34-202-212-120.compute-1.amazonaws.com
ubuntu   pts/11       Fri Feb  8 20:55:30 2019 - Fri Feb  8 20:55:31 2019  (00:00)     ip-172-31-0-70.ec2.internal
ubuntu   pts/5        Fri Feb  8 20:55:18 2019 - Fri Feb  8 21:18:07 2019  (00:22)     0.0.0.0
ubuntu   pts/4        Fri Feb  8 20:53:48 2019 - Fri Feb  8 21:18:08 2019  (00:24)     216.70.43.154.static.enventis.net
ubuntu   pts/2        Fri Feb  8 20:37:30 2019 - Fri Feb  8 21:27:51 2019  (00:50)     c-98-202-144-187.hsd1.ut.comcast.net
ubuntu   pts/2        Fri Feb  8 20:02:54 2019 - Fri Feb  8 20:10:11 2019  (00:07)     c-98-202-144-187.hsd1.ut.comcast.net
ubuntu   pts/2        Fri Feb  8 18:37:26 2019 - Fri Feb  8 18:37:34 2019  (00:00)     c-98-202-144-187.hsd1.ut.comcast.net
ubuntu   pts/2        Fri Feb  8 18:33:32 2019 - Fri Feb  8 18:36:23 2019  (00:02)     c-98-202-144-187.hsd1.ut.comcast.net
ubuntu   pts/2        Fri Feb  8 18:29:20 2019 - Fri Feb  8 18:32:45 2019  (00:03)     c-98-202-144-187.hsd1.ut.comcast.net
ubuntu   pts/2        Fri Feb  8 18:21:09 2019 - Fri Feb  8 18:21:46 2019  (00:00)     c-98-202-144-187.hsd1.ut.comcast.net
ubuntu   pts/2        Fri Feb  8 18:14:08 2019 - Fri Feb  8 18:14:53 2019  (00:00)     c-98-202-144-187.hsd1.ut.comcast.net
ubuntu   pts/2        Fri Feb  8 18:05:39 2019 - Fri Feb  8 18:12:28 2019  (00:06)     c-98-202-144-187.hsd1.ut.comcast.net
ubuntu   pts/2        Fri Feb  8 16:34:54 2019 - Fri Feb  8 16:49:35 2019  (00:14)     c-98-202-144-187.hsd1.ut.comcast.net
ubuntu   pts/0        Fri Feb  8 15:35:11 2019 - Fri Feb  8 22:38:16 2019  (07:03)     216.70.43.154.static.enventis.net
ubuntu   pts/1        Fri Feb  8 14:39:16 2019 - Fri Feb  8 22:37:02 2019  (07:57)     216.70.43.154.static.enventis.net
ubuntu   pts/0        Fri Feb  8 14:33:05 2019 - Fri Feb  8 15:26:33 2019  (00:53)     216.70.43.154.static.enventis.net
ubuntu   pts/6        Thu Feb  7 20:35:31 2019 - Thu Feb  7 20:35:31 2019  (00:00)     ec2-34-202-212-120.compute-1.amazonaws.com
ubuntu   pts/7        Thu Feb  7 20:35:18 2019 - Thu Feb  7 20:35:18 2019  (00:00)     ip-172-31-0-70.ec2.internal
ubuntu   pts/3        Thu Feb  7 20:32:47 2019 - Sat Feb  9 00:49:13 2019 (1+04:16)    c-73-71-195-74.hsd1.ca.comcast.net
ubuntu   pts/5        Thu Feb  7 19:52:45 2019 - Thu Feb  7 22:33:04 2019  (02:40)     c-24-118-8-173.hsd1.mn.comcast.net
ubuntu   pts/3        Thu Feb  7 19:14:11 2019 - Thu Feb  7 20:22:39 2019  (01:08)     c-98-202-144-187.hsd1.ut.comcast.net
ubuntu   pts/5        Thu Feb  7 18:05:31 2019 - Thu Feb  7 18:58:02 2019  (00:52)     c-73-71-195-74.hsd1.ca.comcast.net
ubuntu   pts/8        Thu Feb  7 17:12:43 2019 - Thu Feb  7 17:12:43 2019  (00:00)     ec2-34-202-212-120.compute-1.amazonaws.com
ubuntu   pts/12       Thu Feb  7 17:12:27 2019 - Thu Feb  7 17:12:27 2019  (00:00)     ip-172-31-0-70.ec2.internal
ubuntu   pts/5        Thu Feb  7 17:08:15 2019 - Thu Feb  7 17:16:42 2019  (00:08)     216-71-7-122-dynamic.midco.net
ubuntu   pts/5        Thu Feb  7 16:47:32 2019 - Thu Feb  7 16:53:09 2019  (00:05)     c-98-202-144-187.hsd1.ut.comcast.net
ubuntu   pts/6        Thu Feb  7 16:45:45 2019 - Thu Feb  7 19:09:46 2019  (02:24)     c-24-118-8-173.hsd1.mn.comcast.net
ubuntu   pts/4        Thu Feb  7 16:29:13 2019 - Thu Feb  7 19:09:33 2019  (02:40)     c-24-118-8-173.hsd1.mn.comcast.net
ubuntu   pts/3        Thu Feb  7 15:38:10 2019 - Thu Feb  7 18:57:49 2019  (03:19)     216-71-7-122-dynamic.midco.net
ubuntu   pts/2        Thu Feb  7 15:24:48 2019 - Fri Feb  8 01:40:47 2019  (10:15)     216-71-7-122-dynamic.midco.net
ubuntu   pts/1        Thu Feb  7 15:17:11 2019 - Thu Feb  7 15:20:11 2019  (00:03)     216-71-7-122-dynamic.midco.net
ubuntu   pts/0        Thu Feb  7 14:53:45 2019 - Thu Feb  7 23:44:48 2019  (08:51)     c-24-118-8-173.hsd1.mn.comcast.net
ubuntu   pts/0        Thu Feb  7 14:47:45 2019 - Thu Feb  7 14:47:56 2019  (00:00)     216-71-7-122-dynamic.midco.net
ubuntu   pts/1        Thu Feb  7 02:28:30 2019 - Thu Feb  7 07:13:30 2019  (04:45)     c-24-118-8-173.hsd1.mn.comcast.net
ubuntu   pts/0        Thu Feb  7 01:53:06 2019 - Thu Feb  7 06:37:44 2019  (04:44)     c-24-118-8-173.hsd1.mn.comcast.net
ubuntu   pts/2        Wed Feb  6 20:43:16 2019 - Wed Feb  6 21:35:28 2019  (00:52)     216.160.28.244
ubuntu   pts/0        Wed Feb  6 20:40:43 2019 - Wed Feb  6 21:47:17 2019  (01:06)     c-73-71-195-74.hsd1.ca.comcast.net
ubuntu   pts/0        Wed Feb  6 20:40:18 2019 - Wed Feb  6 20:40:34 2019  (00:00)     c-73-71-195-74.hsd1.ca.comcast.net
ubuntu   pts/1        Wed Feb  6 20:18:17 2019 - Wed Feb  6 23:38:02 2019  (03:19)     c-24-118-8-173.hsd1.mn.comcast.net
ubuntu   pts/1        Wed Feb  6 20:03:42 2019 - Wed Feb  6 20:15:45 2019  (00:12)     216.70.43.154.static.enventis.net
ubuntu   pts/0        Wed Feb  6 17:14:32 2019 - Wed Feb  6 17:15:55 2019  (00:01)     216.70.43.154.static.enventis.net
ubuntu   pts/0        Wed Feb  6 16:05:01 2019 - Wed Feb  6 16:14:11 2019  (00:09)     c-174-53-201-189.hsd1.mn.comcast.net
ubuntu   pts/0        Wed Feb  6 15:39:00 2019 - Wed Feb  6 15:42:19 2019  (00:03)     c-174-53-201-189.hsd1.mn.comcast.net
ubuntu   pts/0        Wed Feb  6 14:21:39 2019 - Wed Feb  6 14:26:39 2019  (00:05)     c-24-118-8-173.hsd1.mn.comcast.net
ubuntu   pts/0        Wed Feb  6 14:13:40 2019 - Wed Feb  6 14:19:51 2019  (00:06)     c-174-53-201-189.hsd1.mn.comcast.net
ubuntu   pts/0        Wed Feb  6 02:00:02 2019 - Wed Feb  6 04:11:46 2019  (02:11)     c-24-118-8-173.hsd1.mn.comcast.net
ubuntu   pts/0        Tue Feb  5 19:11:36 2019 - Tue Feb  5 19:12:12 2019  (00:00)     c-98-202-144-187.hsd1.ut.comcast.net
ubuntu   pts/0        Tue Feb  5 19:04:32 2019 - Tue Feb  5 19:05:19 2019  (00:00)     c-98-202-144-187.hsd1.ut.comcast.net
ubuntu   pts/2        Tue Feb  5 17:36:02 2019 - Tue Feb  5 17:53:50 2019  (00:17)     c-98-202-144-187.hsd1.ut.comcast.net
ubuntu   pts/3        Tue Feb  5 17:19:43 2019 - Tue Feb  5 17:19:54 2019  (00:00)     c-98-202-144-187.hsd1.ut.comcast.net
ubuntu   pts/0        Tue Feb  5 17:10:50 2019 - Tue Feb  5 17:56:59 2019  (00:46)     216.70.43.154.static.enventis.net
ubuntu   pts/2        Tue Feb  5 16:24:23 2019 - Tue Feb  5 16:24:23 2019  (00:00)     ec2-34-202-212-120.compute-1.amazonaws.com
ubuntu   pts/6        Tue Feb  5 16:24:09 2019 - Tue Feb  5 16:24:10 2019  (00:00)     ip-172-31-0-70.ec2.internal
ubuntu   pts/0        Tue Feb  5 16:06:39 2019 - Tue Feb  5 17:06:29 2019  (00:59)     216.70.43.154.static.enventis.net
ubuntu   pts/0        Mon Feb  4 23:11:24 2019 - Mon Feb  4 23:12:10 2019  (00:00)     c-98-202-144-187.hsd1.ut.comcast.net
ubuntu   pts/0        Mon Feb  4 22:03:45 2019 - Mon Feb  4 22:03:45 2019  (00:00)     67.220.7.54
ubuntu   pts/0        Mon Feb  4 22:03:30 2019 - Mon Feb  4 22:03:30 2019  (00:00)     ip-172-31-0-70.ec2.internal
ubuntu   pts/0        Mon Feb  4 22:00:56 2019 - Mon Feb  4 22:01:00 2019  (00:00)     216.70.43.154.static.enventis.net
ubuntu   pts/0        Mon Feb  4 22:00:25 2019 - Mon Feb  4 22:00:48 2019  (00:00)     216.70.43.154.static.enventis.net
ubuntu   pts/0        Mon Feb  4 21:47:03 2019 - Mon Feb  4 21:47:11 2019  (00:00)     216.70.43.154.static.enventis.net
ubuntu   pts/0        Mon Feb  4 21:46:19 2019 - Mon Feb  4 21:46:42 2019  (00:00)     216.70.43.154.static.enventis.net
ubuntu   pts/5        Mon Feb  4 21:37:15 2019 - Mon Feb  4 21:37:37 2019  (00:00)     216.70.43.154.static.enventis.net
ubuntu   pts/5        Mon Feb  4 21:36:10 2019 - Mon Feb  4 21:36:47 2019  (00:00)     216.70.43.154.static.enventis.net
ubuntu   pts/4        Mon Feb  4 21:27:11 2019 - Mon Feb  4 22:21:39 2019  (00:54)     216.70.43.154.static.enventis.net
ubuntu   pts/1        Mon Feb  4 21:18:05 2019 - Mon Feb  4 21:18:05 2019  (00:00)     67.220.7.54
ubuntu   pts/1        Mon Feb  4 21:18:03 2019 - Mon Feb  4 21:18:03 2019  (00:00)     ip-172-31-0-70.ec2.internal
ubuntu   pts/1        Mon Feb  4 21:17:45 2019 - Mon Feb  4 21:17:45 2019  (00:00)     67.220.7.54
ubuntu   pts/1        Mon Feb  4 21:17:41 2019 - Mon Feb  4 21:17:42 2019  (00:00)     ip-172-31-0-70.ec2.internal
ubuntu   pts/1        Mon Feb  4 18:57:07 2019 - Mon Feb  4 19:00:10 2019  (00:03)     c-98-202-144-187.hsd1.ut.comcast.net
ubuntu   pts/0        Mon Feb  4 18:34:53 2019 - Mon Feb  4 21:39:21 2019  (03:04)     216.70.43.154.static.enventis.net
ubuntu   pts/0        Mon Feb  4 17:53:34 2019 - Mon Feb  4 17:53:59 2019  (00:00)     c-98-202-144-187.hsd1.ut.comcast.net
ubuntu   pts/0        Mon Feb  4 17:50:31 2019 - Mon Feb  4 17:52:27 2019  (00:01)     c-98-202-144-187.hsd1.ut.comcast.net
ubuntu   pts/0        Mon Feb  4 17:48:11 2019 - Mon Feb  4 17:48:21 2019  (00:00)     c-98-202-144-187.hsd1.ut.comcast.net
ubuntu   pts/0        Mon Feb  4 17:43:29 2019 - Mon Feb  4 17:44:12 2019  (00:00)     c-98-202-144-187.hsd1.ut.comcast.net
ubuntu   pts/0        Mon Feb  4 17:39:40 2019 - Mon Feb  4 17:39:40 2019  (00:00)     67.220.7.54
ubuntu   pts/0        Mon Feb  4 17:39:12 2019 - Mon Feb  4 17:39:12 2019  (00:00)     ip-172-31-0-70.ec2.internal
ubuntu   pts/0        Mon Feb  4 17:27:11 2019 - Mon Feb  4 17:27:11 2019  (00:00)     drip-staging-ansible
ubuntu   pts/0        Mon Feb  4 17:26:15 2019 - Mon Feb  4 17:26:15 2019  (00:00)     67-220-7-54.fttp.usinternet.com
ubuntu   pts/0        Mon Feb  4 17:25:51 2019 - Mon Feb  4 17:25:51 2019  (00:00)     ip-172-31-0-70.ec2.internal
ubuntu   pts/0        Mon Feb  4 16:27:10 2019 - Mon Feb  4 16:27:31 2019  (00:00)     c-98-202-144-187.hsd1.ut.comcast.net
ubuntu   pts/0        Mon Feb  4 14:59:00 2019 - Mon Feb  4 16:17:52 2019  (01:18)     216.70.43.154.static.enventis.net
ubuntu   pts/0        Mon Feb  4 04:48:16 2019 - Mon Feb  4 07:23:09 2019  (02:34)     c-24-118-8-173.hsd1.mn.comcast.net
ubuntu   pts/0        Sun Feb  3 13:30:50 2019 - Sun Feb  3 13:36:20 2019  (00:05)     c-24-118-10-174.hsd1.mn.comcast.net
ubuntu   pts/0        Sat Feb  2 17:50:00 2019 - Sat Feb  2 18:40:06 2019  (00:50)     c-24-118-10-174.hsd1.mn.comcast.net
ubuntu   pts/0        Sat Feb  2 03:28:38 2019 - Sat Feb  2 05:51:05 2019  (02:22)     c-24-118-10-174.hsd1.mn.comcast.net
ubuntu   pts/2        Fri Feb  1 18:44:27 2019 - Fri Feb  1 18:45:53 2019  (00:01)     c-98-202-144-187.hsd1.ut.comcast.net
ubuntu   pts/0        Fri Feb  1 15:50:56 2019 - Fri Feb  1 15:59:05 2019  (00:08)     216.70.43.154.static.enventis.net
ubuntu   pts/6        Fri Feb  1 15:45:29 2019 - Fri Feb  1 15:45:29 2019  (00:00)     ec2-34-202-212-120.compute-1.amazonaws.com
ubuntu   pts/9        Fri Feb  1 15:45:15 2019 - Fri Feb  1 15:45:15 2019  (00:00)     ip-172-31-0-70.ec2.internal
ubuntu   pts/6        Fri Feb  1 15:31:35 2019 - Fri Feb  1 15:31:35 2019  (00:00)     ec2-34-202-212-120.compute-1.amazonaws.com
ubuntu   pts/6        Fri Feb  1 15:31:33 2019 - Fri Feb  1 15:31:33 2019  (00:00)     ip-172-31-0-70.ec2.internal
ubuntu   pts/9        Fri Feb  1 15:29:36 2019 - Fri Feb  1 15:29:36 2019  (00:00)     ip-172-31-0-70.ec2.internal
ubuntu   pts/6        Fri Feb  1 15:29:34 2019 - Fri Feb  1 15:29:34 2019  (00:00)     ec2-34-202-212-120.compute-1.amazonaws.com
ubuntu   pts/4        Fri Feb  1 15:24:02 2019 - Fri Feb  1 15:59:12 2019  (00:35)     216.70.43.154.static.enventis.net
ubuntu   pts/3        Fri Feb  1 15:23:58 2019 - Fri Feb  1 18:17:38 2019  (02:53)     216.70.43.154.static.enventis.net
ubuntu   pts/2        Fri Feb  1 15:22:24 2019 - Fri Feb  1 18:17:14 2019  (02:54)     216.70.43.154.static.enventis.net
ubuntu   pts/2        Fri Feb  1 15:11:55 2019 - Fri Feb  1 15:14:58 2019  (00:03)     216.70.43.154.static.enventis.net
ubuntu   pts/2        Fri Feb  1 15:08:59 2019 - Fri Feb  1 15:09:17 2019  (00:00)     216.70.43.154.static.enventis.net
ubuntu   pts/1        Fri Feb  1 14:38:01 2019 - Fri Feb  1 18:51:54 2019  (04:13)     216.70.43.154.static.enventis.net
ubuntu   pts/0        Fri Feb  1 13:19:27 2019 - Fri Feb  1 15:37:47 2019  (02:18)     c-24-118-10-174.hsd1.mn.comcast.net
ubuntu   pts/0        Fri Feb  1 12:27:34 2019 - Fri Feb  1 12:54:58 2019  (00:27)     c-24-118-10-174.hsd1.mn.comcast.net

wtmp begins Fri Feb  1 12:27:34 2019
